# JRE version: Java(TM) SE Runtime Environment 18.9 (11.0.20+9) (build 11.0.20+9-LTS-256)
# Java VM: Java HotSpot(TM) 64-Bit Server VM 18.9 (11.0.20+9-LTS-256, mixed mode, tiered, compressed oops, g1 gc, windows-amd64)
Heap:
 garbage-first heap   total 940032K, used 356341K [0x0000000505400000, 0x0000000800000000)
  region size 2048K, 168 young (344064K), 19 survivors (38912K)
 Metaspace       used 85168K, capacity 88190K, committed 88400K, reserved 1126400K
  class space    used 10574K, capacity 11753K, committed 11776K, reserved 1048576K
GC Heap History (10 events):
Event: 2.564 GC heap before
{Heap before GC invocations=5 (full 0):
 garbage-first heap   total 782336K, used 144993K [0x0000000505400000, 0x0000000800000000)
  region size 2048K, 67 young (137216K), 3 survivors (6144K)
 Metaspace       used 32888K, capacity 33951K, committed 34096K, reserved 1079296K
  class space    used 3983K, capacity 4402K, committed 4480K, reserved 1048576K
}
Event: 2.569 GC heap after
{Heap after GC invocations=6 (full 0):
 garbage-first heap   total 782336K, used 18348K [0x0000000505400000, 0x0000000800000000)
  region size 2048K, 5 young (10240K), 5 survivors (10240K)
 Metaspace       used 32888K, capacity 33951K, committed 34096K, reserved 1079296K
  class space    used 3983K, capacity 4402K, committed 4480K, reserved 1048576K
}
Event: 2.760 GC heap before
{Heap before GC invocations=6 (full 0):
 garbage-first heap   total 782336K, used 83884K [0x0000000505400000, 0x0000000800000000)
  region size 2048K, 38 young (77824K), 5 survivors (10240K)
 Metaspace       used 34758K, capacity 35760K, committed 35888K, reserved 1081344K
  class space    used 4232K, capacity 4640K, committed 4736K, reserved 1048576K
}
Event: 2.764 GC heap after
{Heap after GC invocations=7 (full 0):
 garbage-first heap   total 782336K, used 20212K [0x0000000505400000, 0x0000000800000000)
  region size 2048K, 6 young (12288K), 6 survivors (12288K)
 Metaspace       used 34758K, capacity 35760K, committed 35888K, reserved 1081344K
  class space    used 4232K, capacity 4640K, committed 4736K, reserved 1048576K
}
Event: 4.934 GC heap before
{Heap before GC invocations=8 (full 0):
 garbage-first heap   total 782336K, used 472820K [0x0000000505400000, 0x0000000800000000)
  region size 2048K, 226 young (462848K), 6 survivors (12288K)
 Metaspace       used 53554K, capacity 55222K, committed 55344K, reserved 1097728K
  class space    used 6615K, capacity 7270K, committed 7296K, reserved 1048576K
}
Event: 4.947 GC heap after
{Heap after GC invocations=9 (full 0):
 garbage-first heap   total 782336K, used 32059K [0x0000000505400000, 0x0000000800000000)
  region size 2048K, 11 young (22528K), 11 survivors (22528K)
 Metaspace       used 53554K, capacity 55222K, committed 55344K, reserved 1097728K
  class space    used 6615K, capacity 7270K, committed 7296K, reserved 1048576K
}
Event: 5.698 GC heap before
{Heap before GC invocations=9 (full 0):
 garbage-first heap   total 782336K, used 146747K [0x0000000505400000, 0x0000000800000000)
  region size 2048K, 68 young (139264K), 11 survivors (22528K)
 Metaspace       used 58330K, capacity 60103K, committed 60240K, reserved 1101824K
  class space    used 7168K, capacity 7869K, committed 7936K, reserved 1048576K
}
Event: 5.715 GC heap after
{Heap after GC invocations=10 (full 0):
 garbage-first heap   total 940032K, used 38780K [0x0000000505400000, 0x0000000800000000)
  region size 2048K, 15 young (30720K), 15 survivors (30720K)
 Metaspace       used 58330K, capacity 60103K, committed 60240K, reserved 1101824K
  class space    used 7168K, capacity 7869K, committed 7936K, reserved 1048576K
}
Event: 7.690 GC heap before
{Heap before GC invocations=11 (full 0):
 garbage-first heap   total 940032K, used 356220K [0x0000000505400000, 0x0000000800000000)
  region size 2048K, 171 young (350208K), 15 survivors (30720K)
 Metaspace       used 72091K, capacity 74676K, committed 74960K, reserved 1114112K
  class space    used 9004K, capacity 10004K, committed 10112K, reserved 1048576K
}
Event: 7.704 GC heap after
{Heap after GC invocations=12 (full 0):
 garbage-first heap   total 940032K, used 55285K [0x0000000505400000, 0x0000000800000000)
  region size 2048K, 19 young (38912K), 19 survivors (38912K)
 Metaspace       used 72091K, capacity 74676K, committed 74960K, reserved 1114112K
  class space    used 9004K, capacity 10004K, committed 10112K, reserved 1048576K
}

